0 info it worked if it ends with ok
1 verbose cli [ '/Users/BICKLEY/.nvm/versions/node/v6.2.1/bin/node',
1 verbose cli   '/Users/BICKLEY/.nvm/versions/node/v6.2.1/bin/npm',
1 verbose cli   'start' ]
2 info using npm@3.10.6
3 info using node@v6.2.1
4 verbose run-script [ 'prestart', 'start', 'poststart' ]
5 info lifecycle React-Express-Boilerplate@1.0.0~prestart: React-Express-Boilerplate@1.0.0
6 silly lifecycle React-Express-Boilerplate@1.0.0~prestart: no script for prestart, continuing
7 info lifecycle React-Express-Boilerplate@1.0.0~start: React-Express-Boilerplate@1.0.0
8 verbose lifecycle React-Express-Boilerplate@1.0.0~start: unsafe-perm in lifecycle true
9 verbose lifecycle React-Express-Boilerplate@1.0.0~start: PATH: /Users/BICKLEY/.nvm/versions/node/v6.2.1/lib/node_modules/npm/bin/node-gyp-bin:/Users/BICKLEY/temp/ch2.0/sep_CH/sep_pjs/chVideoLessons/node_modules/.bin:/Users/BICKLEY/temp/ch2.0/aug_CH/aug_pjs/WINGMAN/exec/bin/bash/google-cloud-sdk/bin:/Users/BICKLEY/.nvm/versions/node/v6.2.1/bin:/Users/BICKLEY/Library/Android/android-sdk-macosx/platform-tools:/Users/BICKLEY/Library/Android/android-sdk-macosx/tools:/usr/local/bin:/usr/bin:/bin:/usr/sbin:/sbin:/opt/X11/bin:/Users/BICKLEY/temp/ch2.0/aug_CH/aug_pjs/WINGMAN/exec/bin/bash/google-cloud-sdk/bin:/Users/BICKLEY/Library/Android/android-sdk-macosx/platform-tools:/Users/BICKLEY/Library/Android/android-sdk-macosx/tools
10 verbose lifecycle React-Express-Boilerplate@1.0.0~start: CWD: /Users/BICKLEY/temp/ch2.0/sep_CH/sep_pjs/chVideoLessons
11 silly lifecycle React-Express-Boilerplate@1.0.0~start: Args: [ '-c', 'npm-run-all --parallel open:src lint:watch' ]
12 silly lifecycle React-Express-Boilerplate@1.0.0~start: Returned: code: 1  signal: null
13 info lifecycle React-Express-Boilerplate@1.0.0~start: Failed to exec start script
14 verbose stack Error: React-Express-Boilerplate@1.0.0 start: `npm-run-all --parallel open:src lint:watch`
14 verbose stack Exit status 1
14 verbose stack     at EventEmitter.<anonymous> (/Users/BICKLEY/.nvm/versions/node/v6.2.1/lib/node_modules/npm/lib/utils/lifecycle.js:255:16)
14 verbose stack     at emitTwo (events.js:106:13)
14 verbose stack     at EventEmitter.emit (events.js:191:7)
14 verbose stack     at ChildProcess.<anonymous> (/Users/BICKLEY/.nvm/versions/node/v6.2.1/lib/node_modules/npm/lib/utils/spawn.js:40:14)
14 verbose stack     at emitTwo (events.js:106:13)
14 verbose stack     at ChildProcess.emit (events.js:191:7)
14 verbose stack     at maybeClose (internal/child_process.js:852:16)
14 verbose stack     at Process.ChildProcess._handle.onexit (internal/child_process.js:215:5)
15 verbose pkgid React-Express-Boilerplate@1.0.0
16 verbose cwd /Users/BICKLEY/temp/ch2.0/sep_CH/sep_pjs/chVideoLessons
17 error Darwin 15.6.0
18 error argv "/Users/BICKLEY/.nvm/versions/node/v6.2.1/bin/node" "/Users/BICKLEY/.nvm/versions/node/v6.2.1/bin/npm" "start"
19 error node v6.2.1
20 error npm  v3.10.6
21 error code ELIFECYCLE
22 error React-Express-Boilerplate@1.0.0 start: `npm-run-all --parallel open:src lint:watch`
22 error Exit status 1
23 error Failed at the React-Express-Boilerplate@1.0.0 start script 'npm-run-all --parallel open:src lint:watch'.
23 error Make sure you have the latest version of node.js and npm installed.
23 error If you do, this is most likely a problem with the React-Express-Boilerplate package,
23 error not with npm itself.
23 error Tell the author that this fails on your system:
23 error     npm-run-all --parallel open:src lint:watch
23 error You can get information on how to open an issue for this project with:
23 error     npm bugs React-Express-Boilerplate
23 error Or if that isn't available, you can get their info via:
23 error     npm owner ls React-Express-Boilerplate
23 error There is likely additional logging output above.
24 verbose exit [ 1, true ]
